=== Debug Log Reset ===
[2025-08-22 10:37:56] =====DDQUINT PLOT DEBUG=====
Plot generation completed for A02:
Exit code: 0
Output: Found existing plot: /Users/jakob/Library/Mobile Documents/com~apple~CloudDocs/Studium/Master/Master's Thesis/Experiments/Aneuploidy Testing/Results/JaW_E11_B1_Final/Graphs/A02.png
PLOT_CREATED:/tmp/ddquint_plot_A02.png

============================
[2025-08-22 10:38:03] =====DDQUINT PLOT DEBUG=====
Plot generation completed for A02:
Exit code: 0
Output: Found existing plot: /Users/jakob/Library/Mobile Documents/com~apple~CloudDocs/Studium/Master/Master's Thesis/Experiments/Aneuploidy Testing/Results/JaW_E11_B1_Final/Graphs/A02.png
PLOT_CREATED:/tmp/ddquint_plot_A02.png

============================
[2025-08-22 10:38:05] =====DDQUINT PLOT DEBUG=====
Plot generation completed for A03:
Exit code: 0
Output: Found existing plot: /Users/jakob/Library/Mobile Documents/com~apple~CloudDocs/Studium/Master/Master's Thesis/Experiments/Aneuploidy Testing/Results/JaW_E11_B1_Final/Graphs/A03.png
PLOT_CREATED:/tmp/ddquint_plot_A03.png

============================
[2025-08-22 10:38:09] =====DDQUINT PLOT DEBUG=====
Plot generation completed for A03:
Exit code: 0
Output: Found existing plot: /Users/jakob/Library/Mobile Documents/com~apple~CloudDocs/Studium/Master/Master's Thesis/Experiments/Aneuploidy Testing/Results/JaW_E11_B1_Final/Graphs/A03.png
PLOT_CREATED:/tmp/ddquint_plot_A03.png

============================
[2025-08-22 10:38:09] =====DDQUINT PLOT DEBUG=====
Plot generation completed for A03:
Exit code: 0
Output: Found existing plot: /Users/jakob/Library/Mobile Documents/com~apple~CloudDocs/Studium/Master/Master's Thesis/Experiments/Aneuploidy Testing/Results/JaW_E11_B1_Final/Graphs/A03.png
PLOT_CREATED:/tmp/ddquint_plot_A03.png

============================
[2025-08-22 10:38:10] =====DDQUINT PLOT DEBUG=====
Plot generation completed for A03:
Exit code: 0
Output: Found existing plot: /Users/jakob/Library/Mobile Documents/com~apple~CloudDocs/Studium/Master/Master's Thesis/Experiments/Aneuploidy Testing/Results/JaW_E11_B1_Final/Graphs/A03.png
PLOT_CREATED:/tmp/ddquint_plot_A03.png

============================
[2025-08-22 10:38:10] =====DDQUINT PLOT DEBUG=====
Plot generation completed for A03:
Exit code: 0
Output: Found existing plot: /Users/jakob/Library/Mobile Documents/com~apple~CloudDocs/Studium/Master/Master's Thesis/Experiments/Aneuploidy Testing/Results/JaW_E11_B1_Final/Graphs/A03.png
PLOT_CREATED:/tmp/ddquint_plot_A03.png

============================
[2025-08-22 10:38:11] =====DDQUINT PLOT DEBUG=====
Plot generation completed for A03:
Exit code: 0
Output: Found existing plot: /Users/jakob/Library/Mobile Documents/com~apple~CloudDocs/Studium/Master/Master's Thesis/Experiments/Aneuploidy Testing/Results/JaW_E11_B1_Final/Graphs/A03.png
PLOT_CREATED:/tmp/ddquint_plot_A03.png

============================
[2025-08-22 10:38:16] =====DDQUINT PLOT DEBUG=====
Plot generation completed for A03:
Exit code: 0
Output: Found existing plot: /Users/jakob/Library/Mobile Documents/com~apple~CloudDocs/Studium/Master/Master's Thesis/Experiments/Aneuploidy Testing/Results/JaW_E11_B1_Final/Graphs/A03.png
PLOT_CREATED:/tmp/ddquint_plot_A03.png

============================
[2025-08-22 10:38:17] =====DDQUINT PLOT DEBUG=====
Plot generation completed for A04:
Exit code: 0
Output: Found existing plot: /Users/jakob/Library/Mobile Documents/com~apple~CloudDocs/Studium/Master/Master's Thesis/Experiments/Aneuploidy Testing/Results/JaW_E11_B1_Final/Graphs/A04.png
PLOT_CREATED:/tmp/ddquint_plot_A04.png

============================
[2025-08-22 10:38:18] =====DDQUINT PLOT DEBUG=====
Plot generation completed for B03:
Exit code: 0
Output: Found existing plot: /Users/jakob/Library/Mobile Documents/com~apple~CloudDocs/Studium/Master/Master's Thesis/Experiments/Aneuploidy Testing/Results/JaW_E11_B1_Final/Graphs/B03.png
PLOT_CREATED:/tmp/ddquint_plot_B03.png

============================
[2025-08-22 10:38:19] =====DDQUINT PLOT DEBUG=====
Plot generation completed for C04:
Exit code: 0
Output: Found existing plot: /Users/jakob/Library/Mobile Documents/com~apple~CloudDocs/Studium/Master/Master's Thesis/Experiments/Aneuploidy Testing/Results/JaW_E11_B1_Final/Graphs/C04.png
PLOT_CREATED:/tmp/ddquint_plot_C04.png

============================
[2025-08-22 10:38:20] =====DDQUINT PLOT DEBUG=====
Plot generation completed for B03:
Exit code: 0
Output: Found existing plot: /Users/jakob/Library/Mobile Documents/com~apple~CloudDocs/Studium/Master/Master's Thesis/Experiments/Aneuploidy Testing/Results/JaW_E11_B1_Final/Graphs/B03.png
PLOT_CREATED:/tmp/ddquint_plot_B03.png

============================
[2025-08-22 10:38:21] =====DDQUINT PLOT DEBUG=====
Plot generation completed for A02:
Exit code: 0
Output: Found existing plot: /Users/jakob/Library/Mobile Documents/com~apple~CloudDocs/Studium/Master/Master's Thesis/Experiments/Aneuploidy Testing/Results/JaW_E11_B1_Final/Graphs/A02.png
PLOT_CREATED:/tmp/ddquint_plot_A02.png

============================
[2025-08-22 10:38:31] =====DDQUINT ANALYSIS DEBUG=====
Python process completed:
Exit code: 0
Output: 
Error output: 
================================
[2025-08-22 10:38:59] =====DDQUINT PLOT DEBUG=====
Plot generation completed for B03:
Exit code: 0
Output: Found existing plot: /Users/jakob/Library/Mobile Documents/com~apple~CloudDocs/Studium/Master/Master's Thesis/Experiments/Aneuploidy Testing/Results/JaW_E11_B1_Final/Graphs/B03.png
PLOT_CREATED:/tmp/ddquint_plot_B03.png

============================
[2025-08-22 10:39:05] üîç EXCEL_DEBUG: currentCacheKey = /Users/jakob/Library/Mobile Documents/com~apple~CloudDocs/Studium/Master/Master's Thesis/Experiments/Aneuploidy Testing/Results/JaW_E11_B1_Final_no_template
[2025-08-22 10:39:05] üîç EXCEL_DEBUG: existing cacheKey = nil
[2025-08-22 10:39:05] üîç EXCEL_DEBUG: cachedResults.count = 0
[2025-08-22 10:39:05] üîç EXCEL_DEBUG: cachedResults sample = []
[2025-08-22 10:39:05] ‚ö†Ô∏è EXCEL_DEBUG: Cache check failed - falling back to full analysis
[2025-08-22 10:39:45] =====DDQUINT PLOT DEBUG=====
Plot generation completed for C01:
Exit code: 0
Output: Found existing plot: /Users/jakob/Library/Mobile Documents/com~apple~CloudDocs/Studium/Master/Master's Thesis/Experiments/Aneuploidy Testing/Results/JaW_E11_B1_Final/Graphs/C01.png
PLOT_CREATED:/tmp/ddquint_plot_C01.png

============================
[2025-08-22 10:39:54] üîß REGEN_START: Starting regeneration for well C01
[2025-08-22 10:39:54] üîß REGEN_START: CSV file: /Users/jakob/Library/Mobile Documents/com~apple~CloudDocs/Studium/Master/Master's Thesis/Experiments/Aneuploidy Testing/Results/JaW_E11_B1_Final/JaW_E11_B1_Final_20250814_193535_283_C01_Amplitude.csv
[2025-08-22 10:39:54] üîß REGEN_START: Python path: /opt/miniconda3/envs/ddpcr/bin/python
[2025-08-22 10:39:54] üîß REGEN_START: ddQuint path: /Users/jakob/Applications/Git/ddQuint
[2025-08-22 10:39:57] üîß REGEN_OUTPUT: Raw output length: 4183 characters
[2025-08-22 10:39:57] üîß REGEN_OUTPUT: First 500 chars: Traceback (most recent call last):
  File "<string>", line 125, in <module>
  File "/opt/miniconda3/envs/ddpcr/lib/python3.12/json/__init__.py", line 231, in dumps
    return _default_encoder.encode(obj)
           ^^^^^^^^^^^^^^^^^^^^^^^^^^^^
  File "/opt/miniconda3/envs/ddpcr/lib/python3.12/json/encoder.py", line 200, in encode
    chunks = self.iterencode(o, _one_shot=True)
             ^^^^^^^^^^^^^^^^^^^^^^^^^^^^^^^^^^
  File "/opt/miniconda3/envs/ddpcr/lib/python3.12/json/encoder.py", line
[2025-08-22 10:39:57] üîß REGEN_OUTPUT: Contains PLOT_CREATED: true
[2025-08-22 10:39:57] üîß REGEN_OUTPUT: Contains UPDATED_RESULT: true
[2025-08-22 10:39:57] üîß REGEN_OUTPUT: Contains ERROR: true
[2025-08-22 10:39:57] =====WELL REGENERATION DEBUG=====
[2025-08-22 10:39:57] Well: C01
[2025-08-22 10:39:57] Output: Traceback (most recent call last):
  File "<string>", line 125, in <module>
  File "/opt/miniconda3/envs/ddpcr/lib/python3.12/json/__init__.py", line 231, in dumps
    return _default_encoder.encode(obj)
           ^^^^^^^^^^^^^^^^^^^^^^^^^^^^
  File "/opt/miniconda3/envs/ddpcr/lib/python3.12/json/encoder.py", line 200, in encode
    chunks = self.iterencode(o, _one_shot=True)
             ^^^^^^^^^^^^^^^^^^^^^^^^^^^^^^^^^^
  File "/opt/miniconda3/envs/ddpcr/lib/python3.12/json/encoder.py", line 258, in iterencode
    return _iterencode(o, 0)
           ^^^^^^^^^^^^^^^^^
TypeError: keys must be str, int, float, bool or None, not numpy.int64
REGEN_DEBUG: Python path set
REGEN_DEBUG: Config imported
REGEN_DEBUG: parameter_editor imported
REGEN_DEBUG: Config instance created
REGEN_DEBUG: Parameters loaded
Applied well parameter: TOLERANCE_MULTIPLIER = 3
Applied well parameter: EXPECTED_COPY_NUMBERS = {'Chrom3': 1.0278, 'Chrom5': 1.0035, 'Chrom1': 1, 'Chrom2': 1.0052, 'Chrom4': 0.9912}
Applied well parameter: COPY_NUMBER_BASELINE_MIN_CHROMS = 3
Applied well parameter: MIN_USABLE_DROPLETS = 10000
Applied well parameter: EXPECTED_STANDARD_DEVIATION = {'Chrom1': 0.0312, 'Chrom3': 0.028999999999999998, 'Chrom5': 0.023, 'Chrom2': 0.0241, 'Chrom4': 0.0242}
Applied well parameter: ANEUPLOIDY_TARGETS = {'low': 0.75, 'high': 1.25}
Applied well parameter: COPY_NUMBER_MEDIAN_DEVIATION_THRESHOLD = 0.15
REGEN_DEBUG: Processing CSV file: /Users/jakob/Library/Mobile Documents/com~apple~CloudDocs/Studium/Master/Master's Thesis/Experiments/Aneuploidy Testing/Results/JaW_E11_B1_Final/JaW_E11_B1_Final_20250814_193535_283_C01_Amplitude.csv
REGEN_DEBUG: Output directory: /var/folders/7d/lxyy1nvd411gcjh9r458s3m00000gn/T/ddquint_plots
REGEN_DEBUG: Sample names: {'A01': 'negative - control', 'A02': 'B3-L6B-2A - D24_2x', 'A03': 'B2-C2D-3D - /2', 'A04': 'B3-C5B-4A - /2', 'B01': 'B3-C5-2B - D25', 'B02': 'B3-L6B-10B - D24_2x', 'B03': 'B2-C2D-10D - 2x', 'B04': 'B3-L8B-1C - /2', 'C01': 'B3-C5-5A - new', 'C02': 'B2-C5B-3C - D22_2x', 'C03': 'B2-C2D-24B - D14_2x', 'C04': 'B3-L8B-12C - /2', 'D01': 'B3-C5-5C - new', 'D02': 'B1-C2D-3C - /2', 'D03': 'B2-C5-10A - /2', 'D04': 'B3-L6B-2A - D21_2x', 'E01': 'B3-C5-7A - new', 'E02': 'B1-C5B-5A - 2x', 'E03': 'B2_L6B-27D - 2x', 'E04': 'B3-L6B-10B - D17_2x', 'F01': 'B3-C5B-5C - new', 'F02': 'B1-C5B-5B - 2x', 'F03': 'B2-L6B-31D - /2', 'F04': 'B2-C5B-3C - D14_2x', 'G01': 'B3-L6B-9C - new', 'G02': 'B1-C5D-6C - /2', 'G03': 'B3-C5-2B - D21_2x', 'G04': 'B3-C5-5C - 2x', 'H01': 'B2-C2D-24B - D22_2x', 'H02': 'B1-L8B-1B - 2x', 'H03': 'B3-C2D-3B - 2x', 'H04': 'B3-C5-5A - ?'}
REGEN_DEBUG: process_csv_file returned: <class 'dict'>
Files created in output dir: ['A08.png', 'B08.png', 'B04.png', 'B06.png', 'D01.png', 'B03.png', 'B02.png', 'B01.png', 'A10.png', 'A04.png', 'A07.png', 'E02.png', 'A03.png', 'C01.png']
Found plot file: /var/folders/7d/lxyy1nvd411gcjh9r458s3m00000gn/T/ddquint_plots/C01.png
PLOT_CREATED:/Users/jakob/Library/Mobile Documents/com~apple~CloudDocs/Studium/Master/Master's Thesis/Experiments/Aneuploidy Testing/Results/JaW_E11_B1_Final/Graphs/C01.png
REGEN_DEBUG: Adding result data: ['well', 'filename', 'has_aneuploidy', 'has_buffer_zone', 'copy_numbers', 'copy_number_states', 'counts', 'graph_path', 'df_filtered', 'target_mapping', 'total_droplets', 'usable_droplets', 'negative_droplets', 'sample_name']
REGEN_DEBUG: Added well: <class 'str'>
REGEN_DEBUG: Added filename: <class 'str'>
REGEN_DEBUG: Added has_aneuploidy: <class 'bool'>
REGEN_DEBUG: Added has_buffer_zone: <class 'bool'>
REGEN_DEBUG: Added dict copy_numbers: 5 items
REGEN_DEBUG: Added dict copy_number_states: 5 items
REGEN_DEBUG: Added dict counts: 7 items
REGEN_DEBUG: Added graph_path: <class 'str'>
REGEN_DEBUG: Skipped df_filtered: <class 'pandas.core.frame.DataFrame'> not serializable
REGEN_DEBUG: Added dict target_mapping: 16 items
REGEN_DEBUG: Added total_droplets: <class 'int'>
REGEN_DEBUG: Added usable_droplets: <class 'int'>
REGEN_DEBUG: Added negative_droplets: <class 'int'>
REGEN_DEBUG: Added sample_name: <class 'str'>
REGEN_DEBUG: About to output UPDATED_RESULT
ERROR: keys must be str, int, float, bool or None, not numpy.int64

[2025-08-22 10:39:57] ==================================
[2025-08-22 10:39:57] Attempting to load plot from: /Users/jakob/Library/Mobile Documents/com~apple~CloudDocs/Studium/Master/Master's Thesis/Experiments/Aneuploidy Testing/Results/JaW_E11_B1_Final/Graphs/C01.png
REGEN_DEBUG: Adding result data: ['well', 'filename', 'has_aneuploidy', 'has_buffer_zone', 'copy_numbers', 'copy_number_states', 'counts', 'graph_path', 'df_filtered', 'target_mapping', 'total_droplets', 'usable_droplets', 'negative_droplets', 'sample_name']
REGEN_DEBUG: Added well: <class 'str'>
REGEN_DEBUG: Added filename: <class 'str'>
REGEN_DEBUG: Added has_aneuploidy: <class 'bool'>
REGEN_DEBUG: Added has_buffer_zone: <class 'bool'>
REGEN_DEBUG: Added dict copy_numbers: 5 items
REGEN_DEBUG: Added dict copy_number_states: 5 items
REGEN_DEBUG: Added dict counts: 7 items
REGEN_DEBUG: Added graph_path: <class 'str'>
REGEN_DEBUG: Skipped df_filtered: <class 'pandas.core.frame.DataFrame'> not serializable
REGEN_DEBUG: Added dict target_mapping: 16 items
REGEN_DEBUG: Added total_droplets: <class 'int'>
REGEN_DEBUG: Added usable_droplets: <class 'int'>
REGEN_DEBUG: Added negative_droplets: <class 'int'>
REGEN_DEBUG: Added sample_name: <class 'str'>
REGEN_DEBUG: About to output UPDATED_RESULT
ERROR: keys must be str, int, float, bool or None, not numpy.int64
[2025-08-22 10:39:57] File exists: false
[2025-08-22 10:39:57] Plot file does not exist at: /Users/jakob/Library/Mobile Documents/com~apple~CloudDocs/Studium/Master/Master's Thesis/Experiments/Aneuploidy Testing/Results/JaW_E11_B1_Final/Graphs/C01.png
REGEN_DEBUG: Adding result data: ['well', 'filename', 'has_aneuploidy', 'has_buffer_zone', 'copy_numbers', 'copy_number_states', 'counts', 'graph_path', 'df_filtered', 'target_mapping', 'total_droplets', 'usable_droplets', 'negative_droplets', 'sample_name']
REGEN_DEBUG: Added well: <class 'str'>
REGEN_DEBUG: Added filename: <class 'str'>
REGEN_DEBUG: Added has_aneuploidy: <class 'bool'>
REGEN_DEBUG: Added has_buffer_zone: <class 'bool'>
REGEN_DEBUG: Added dict copy_numbers: 5 items
REGEN_DEBUG: Added dict copy_number_states: 5 items
REGEN_DEBUG: Added dict counts: 7 items
REGEN_DEBUG: Added graph_path: <class 'str'>
REGEN_DEBUG: Skipped df_filtered: <class 'pandas.core.frame.DataFrame'> not serializable
REGEN_DEBUG: Added dict target_mapping: 16 items
REGEN_DEBUG: Added total_droplets: <class 'int'>
REGEN_DEBUG: Added usable_droplets: <class 'int'>
REGEN_DEBUG: Added negative_droplets: <class 'int'>
REGEN_DEBUG: Added sample_name: <class 'str'>
REGEN_DEBUG: About to output UPDATED_RESULT
ERROR: keys must be str, int, float, bool or None, not numpy.int64
[2025-08-22 10:40:15] üîß REGEN_START: Starting regeneration for well C01
[2025-08-22 10:40:15] üîß REGEN_START: CSV file: /Users/jakob/Library/Mobile Documents/com~apple~CloudDocs/Studium/Master/Master's Thesis/Experiments/Aneuploidy Testing/Results/JaW_E11_B1_Final/JaW_E11_B1_Final_20250814_193535_283_C01_Amplitude.csv
[2025-08-22 10:40:15] üîß REGEN_START: Python path: /opt/miniconda3/envs/ddpcr/bin/python
[2025-08-22 10:40:15] üîß REGEN_START: ddQuint path: /Users/jakob/Applications/Git/ddQuint
[2025-08-22 10:40:17] üîß REGEN_OUTPUT: Raw output length: 4172 characters
[2025-08-22 10:40:17] üîß REGEN_OUTPUT: First 500 chars: Traceback (most recent call last):
  File "<string>", line 125, in <module>
  File "/opt/miniconda3/envs/ddpcr/lib/python3.12/json/__init__.py", line 231, in dumps
    return _default_encoder.encode(obj)
           ^^^^^^^^^^^^^^^^^^^^^^^^^^^^
  File "/opt/miniconda3/envs/ddpcr/lib/python3.12/json/encoder.py", line 200, in encode
    chunks = self.iterencode(o, _one_shot=True)
             ^^^^^^^^^^^^^^^^^^^^^^^^^^^^^^^^^^
  File "/opt/miniconda3/envs/ddpcr/lib/python3.12/json/encoder.py", line
[2025-08-22 10:40:17] üîß REGEN_OUTPUT: Contains PLOT_CREATED: true
[2025-08-22 10:40:17] üîß REGEN_OUTPUT: Contains UPDATED_RESULT: true
[2025-08-22 10:40:17] üîß REGEN_OUTPUT: Contains ERROR: true
[2025-08-22 10:40:18] =====WELL REGENERATION DEBUG=====
[2025-08-22 10:40:18] Well: C01
[2025-08-22 10:40:18] Output: Traceback (most recent call last):
  File "<string>", line 125, in <module>
  File "/opt/miniconda3/envs/ddpcr/lib/python3.12/json/__init__.py", line 231, in dumps
    return _default_encoder.encode(obj)
           ^^^^^^^^^^^^^^^^^^^^^^^^^^^^
  File "/opt/miniconda3/envs/ddpcr/lib/python3.12/json/encoder.py", line 200, in encode
    chunks = self.iterencode(o, _one_shot=True)
             ^^^^^^^^^^^^^^^^^^^^^^^^^^^^^^^^^^
  File "/opt/miniconda3/envs/ddpcr/lib/python3.12/json/encoder.py", line 258, in iterencode
    return _iterencode(o, 0)
           ^^^^^^^^^^^^^^^^^
TypeError: keys must be str, int, float, bool or None, not numpy.int64
REGEN_DEBUG: Python path set
REGEN_DEBUG: Config imported
REGEN_DEBUG: parameter_editor imported
REGEN_DEBUG: Config instance created
REGEN_DEBUG: Parameters loaded
Applied well parameter: TOLERANCE_MULTIPLIER = 3
Applied well parameter: EXPECTED_STANDARD_DEVIATION = {'Chrom2': 0.0241, 'Chrom3': 0.029, 'Chrom1': 0.0312, 'Chrom4': 0.0242, 'Chrom5': 0.023}
Applied well parameter: EXPECTED_COPY_NUMBERS = {'Chrom4': 0.9912, 'Chrom3': 1.0278, 'Chrom2': 1.0052, 'Chrom1': 0.9716, 'Chrom5': 1.0035}
Applied well parameter: ANEUPLOIDY_TARGETS = {'low': 0.75, 'high': 1.25}
Applied well parameter: COPY_NUMBER_MEDIAN_DEVIATION_THRESHOLD = 0.15
Applied well parameter: MIN_USABLE_DROPLETS = 3000
Applied well parameter: COPY_NUMBER_BASELINE_MIN_CHROMS = 3
REGEN_DEBUG: Processing CSV file: /Users/jakob/Library/Mobile Documents/com~apple~CloudDocs/Studium/Master/Master's Thesis/Experiments/Aneuploidy Testing/Results/JaW_E11_B1_Final/JaW_E11_B1_Final_20250814_193535_283_C01_Amplitude.csv
REGEN_DEBUG: Output directory: /var/folders/7d/lxyy1nvd411gcjh9r458s3m00000gn/T/ddquint_plots
REGEN_DEBUG: Sample names: {'A01': 'negative - control', 'A02': 'B3-L6B-2A - D24_2x', 'A03': 'B2-C2D-3D - /2', 'A04': 'B3-C5B-4A - /2', 'B01': 'B3-C5-2B - D25', 'B02': 'B3-L6B-10B - D24_2x', 'B03': 'B2-C2D-10D - 2x', 'B04': 'B3-L8B-1C - /2', 'C01': 'B3-C5-5A - new', 'C02': 'B2-C5B-3C - D22_2x', 'C03': 'B2-C2D-24B - D14_2x', 'C04': 'B3-L8B-12C - /2', 'D01': 'B3-C5-5C - new', 'D02': 'B1-C2D-3C - /2', 'D03': 'B2-C5-10A - /2', 'D04': 'B3-L6B-2A - D21_2x', 'E01': 'B3-C5-7A - new', 'E02': 'B1-C5B-5A - 2x', 'E03': 'B2_L6B-27D - 2x', 'E04': 'B3-L6B-10B - D17_2x', 'F01': 'B3-C5B-5C - new', 'F02': 'B1-C5B-5B - 2x', 'F03': 'B2-L6B-31D - /2', 'F04': 'B2-C5B-3C - D14_2x', 'G01': 'B3-L6B-9C - new', 'G02': 'B1-C5D-6C - /2', 'G03': 'B3-C5-2B - D21_2x', 'G04': 'B3-C5-5C - 2x', 'H01': 'B2-C2D-24B - D22_2x', 'H02': 'B1-L8B-1B - 2x', 'H03': 'B3-C2D-3B - 2x', 'H04': 'B3-C5-5A - ?'}
REGEN_DEBUG: process_csv_file returned: <class 'dict'>
Files created in output dir: ['A08.png', 'B08.png', 'B04.png', 'B06.png', 'D01.png', 'B03.png', 'B02.png', 'B01.png', 'A10.png', 'A04.png', 'A07.png', 'E02.png', 'A03.png', 'C01.png']
Found plot file: /var/folders/7d/lxyy1nvd411gcjh9r458s3m00000gn/T/ddquint_plots/C01.png
PLOT_CREATED:/Users/jakob/Library/Mobile Documents/com~apple~CloudDocs/Studium/Master/Master's Thesis/Experiments/Aneuploidy Testing/Results/JaW_E11_B1_Final/Graphs/C01.png
REGEN_DEBUG: Adding result data: ['well', 'filename', 'has_aneuploidy', 'has_buffer_zone', 'copy_numbers', 'copy_number_states', 'counts', 'graph_path', 'df_filtered', 'target_mapping', 'total_droplets', 'usable_droplets', 'negative_droplets', 'sample_name']
REGEN_DEBUG: Added well: <class 'str'>
REGEN_DEBUG: Added filename: <class 'str'>
REGEN_DEBUG: Added has_aneuploidy: <class 'bool'>
REGEN_DEBUG: Added has_buffer_zone: <class 'bool'>
REGEN_DEBUG: Added dict copy_numbers: 5 items
REGEN_DEBUG: Added dict copy_number_states: 5 items
REGEN_DEBUG: Added dict counts: 7 items
REGEN_DEBUG: Added graph_path: <class 'str'>
REGEN_DEBUG: Skipped df_filtered: <class 'pandas.core.frame.DataFrame'> not serializable
REGEN_DEBUG: Added dict target_mapping: 16 items
REGEN_DEBUG: Added total_droplets: <class 'int'>
REGEN_DEBUG: Added usable_droplets: <class 'int'>
REGEN_DEBUG: Added negative_droplets: <class 'int'>
REGEN_DEBUG: Added sample_name: <class 'str'>
REGEN_DEBUG: About to output UPDATED_RESULT
ERROR: keys must be str, int, float, bool or None, not numpy.int64

[2025-08-22 10:40:18] ==================================
[2025-08-22 10:40:18] Attempting to load plot from: /Users/jakob/Library/Mobile Documents/com~apple~CloudDocs/Studium/Master/Master's Thesis/Experiments/Aneuploidy Testing/Results/JaW_E11_B1_Final/Graphs/C01.png
REGEN_DEBUG: Adding result data: ['well', 'filename', 'has_aneuploidy', 'has_buffer_zone', 'copy_numbers', 'copy_number_states', 'counts', 'graph_path', 'df_filtered', 'target_mapping', 'total_droplets', 'usable_droplets', 'negative_droplets', 'sample_name']
REGEN_DEBUG: Added well: <class 'str'>
REGEN_DEBUG: Added filename: <class 'str'>
REGEN_DEBUG: Added has_aneuploidy: <class 'bool'>
REGEN_DEBUG: Added has_buffer_zone: <class 'bool'>
REGEN_DEBUG: Added dict copy_numbers: 5 items
REGEN_DEBUG: Added dict copy_number_states: 5 items
REGEN_DEBUG: Added dict counts: 7 items
REGEN_DEBUG: Added graph_path: <class 'str'>
REGEN_DEBUG: Skipped df_filtered: <class 'pandas.core.frame.DataFrame'> not serializable
REGEN_DEBUG: Added dict target_mapping: 16 items
REGEN_DEBUG: Added total_droplets: <class 'int'>
REGEN_DEBUG: Added usable_droplets: <class 'int'>
REGEN_DEBUG: Added negative_droplets: <class 'int'>
REGEN_DEBUG: Added sample_name: <class 'str'>
REGEN_DEBUG: About to output UPDATED_RESULT
ERROR: keys must be str, int, float, bool or None, not numpy.int64
[2025-08-22 10:40:18] File exists: false
[2025-08-22 10:40:18] Plot file does not exist at: /Users/jakob/Library/Mobile Documents/com~apple~CloudDocs/Studium/Master/Master's Thesis/Experiments/Aneuploidy Testing/Results/JaW_E11_B1_Final/Graphs/C01.png
REGEN_DEBUG: Adding result data: ['well', 'filename', 'has_aneuploidy', 'has_buffer_zone', 'copy_numbers', 'copy_number_states', 'counts', 'graph_path', 'df_filtered', 'target_mapping', 'total_droplets', 'usable_droplets', 'negative_droplets', 'sample_name']
REGEN_DEBUG: Added well: <class 'str'>
REGEN_DEBUG: Added filename: <class 'str'>
REGEN_DEBUG: Added has_aneuploidy: <class 'bool'>
REGEN_DEBUG: Added has_buffer_zone: <class 'bool'>
REGEN_DEBUG: Added dict copy_numbers: 5 items
REGEN_DEBUG: Added dict copy_number_states: 5 items
REGEN_DEBUG: Added dict counts: 7 items
REGEN_DEBUG: Added graph_path: <class 'str'>
REGEN_DEBUG: Skipped df_filtered: <class 'pandas.core.frame.DataFrame'> not serializable
REGEN_DEBUG: Added dict target_mapping: 16 items
REGEN_DEBUG: Added total_droplets: <class 'int'>
REGEN_DEBUG: Added usable_droplets: <class 'int'>
REGEN_DEBUG: Added negative_droplets: <class 'int'>
REGEN_DEBUG: Added sample_name: <class 'str'>
REGEN_DEBUG: About to output UPDATED_RESULT
ERROR: keys must be str, int, float, bool or None, not numpy.int64
